<?xml version="1.0" encoding="UTF-8"?>
<!-- Generated by org.testng.reporters.JUnitXMLReporter -->
<testsuite hostname="Rashid-PC" ignored="0" name="Default test" tests="2" failures="0" timestamp="02 Oct 2018 18:31:31 GMT" time="72.376" errors="0">
  <testcase name="verifyContactsPageLabelTest" time="0.077" classname="com.crm.qa.testcases.ContactsPageTest"/>
  <testcase name="verifySelectContactNameTest" time="0.244" classname="com.crm.qa.testcases.ContactsPageTest"/>
</testsuite> <!-- Default test -->
